   1               		.file	"Led.c"
   2               	__SP_H__ = 0x3e
   3               	__SP_L__ = 0x3d
   4               	__SREG__ = 0x3f
   5               	__tmp_reg__ = 0
   6               	__zero_reg__ = 1
   7               		.text
   8               	.Ltext0:
   9               		.cfi_sections	.debug_frame
  10               	.global	tcolor
  12               	tcolor:
  13               	.LFB0:
  14               		.file 1 "Led.c"
   1:Led.c         **** #include "Led.h" 
   2:Led.c         **** 
   3:Led.c         **** static const uint8_t ledMap[11]={7,8,10,14,0,4,17,2,12,6,16};
   4:Led.c         **** 
   5:Led.c         **** Tcolor tcolor(uint8_t r,uint8_t g,uint8_t b){
  15               		.loc 1 5 0
  16               		.cfi_startproc
  17               	.LVL0:
  18               	/* prologue: function */
  19               	/* frame size = 0 */
  20               	/* stack size = 0 */
  21               	.L__stack_usage = 0
  22 0000 762F      		mov r23,r22
  23               	.LVL1:
   6:Led.c         ****     Tcolor c={r,g,b};
   7:Led.c         ****     return c;
   8:Led.c         **** }
  24               		.loc 1 8 0
  25 0002 682F      		mov r22,r24
  26               	.LVL2:
  27 0004 842F      		mov r24,r20
  28               	.LVL3:
  29 0006 0895      		ret
  30               		.cfi_endproc
  31               	.LFE0:
  33               	.global	tcolorV
  35               	tcolorV:
  36               	.LFB1:
   9:Led.c         **** 
  10:Led.c         **** Tcolor tcolorV(uint32_t v){
  37               		.loc 1 10 0
  38               		.cfi_startproc
  39               	.LVL4:
  40 0008 0F93      		push r16
  41               	.LCFI0:
  42               		.cfi_def_cfa_offset 3
  43               		.cfi_offset 16, -2
  44 000a 1F93      		push r17
  45               	.LCFI1:
  46               		.cfi_def_cfa_offset 4
  47               		.cfi_offset 17, -3
  48               	/* prologue: function */
  49               	/* frame size = 0 */
  50               	/* stack size = 2 */
  51               	.L__stack_usage = 2
  52 000c DC01      		movw r26,r24
  53 000e CB01      		movw r24,r22
  54               	.LVL5:
  11:Led.c         ****     Tcolor c={(v>>16)&0xFF,(v>>8)&0xFF,v&0xFF};
  12:Led.c         ****     return c;
  55               		.loc 1 12 0
  56 0010 AD01      		movw r20,r26
  57 0012 6627      		clr r22
  58 0014 7727      		clr r23
  59 0016 092F      		mov r16,r25
  60 0018 1A2F      		mov r17,r26
  61 001a 2B2F      		mov r18,r27
  62 001c 3327      		clr r19
  63               	.LVL6:
  13:Led.c         **** }
  64               		.loc 1 13 0
  65 001e 642F      		mov r22,r20
  66               	.LVL7:
  67 0020 702F      		mov r23,r16
  68               	/* epilogue start */
  69 0022 1F91      		pop r17
  70 0024 0F91      		pop r16
  71 0026 0895      		ret
  72               		.cfi_endproc
  73               	.LFE1:
  75               	.global	ledInit
  77               	ledInit:
  78               	.LFB2:
  14:Led.c         **** 
  15:Led.c         **** void ledInit(Led* leds){
  79               		.loc 1 15 0
  80               		.cfi_startproc
  81               	.LVL8:
  82               	/* prologue: function */
  83               	/* frame size = 0 */
  84               	/* stack size = 0 */
  85               	.L__stack_usage = 0
  86 0028 FC01      		movw r30,r24
  87               	.LVL9:
  88               	.LBB42:
  16:Led.c         ****     for(uint8_t i=0;i<NBLEDS;i++){
  89               		.loc 1 16 0
  90 002a 80E0      		ldi r24,0
  91               	.LVL10:
  92               	.L6:
  17:Led.c         ****         leds[i].row=i%2;//leds[0]=0, leds[1]=1
  93               		.loc 1 17 0
  94 002c 982F      		mov r25,r24
  95 002e 9170      		andi r25,lo8(1)
  96 0030 9183      		std Z+1,r25
  18:Led.c         ****         if(i<10){
  97               		.loc 1 18 0
  98 0032 8A30      		cpi r24,lo8(10)
  99 0034 00F4      		brsh .L4
  19:Led.c         ****             leds[i].col=i;//0-9
 100               		.loc 1 19 0
 101 0036 8083      		st Z,r24
 102 0038 00C0      		rjmp .L5
 103               	.L4:
  20:Led.c         ****         }else{
  21:Led.c         ****             leds[i].col=i-9;//1-9
 104               		.loc 1 21 0
 105 003a 97EF      		ldi r25,lo8(-9)
 106 003c 980F      		add r25,r24
 107 003e 9083      		st Z,r25
 108               	.L5:
  22:Led.c         ****         }
  23:Led.c         ****         leds[i].c.r=0;
 109               		.loc 1 23 0 discriminator 2
 110 0040 1282      		std Z+2,__zero_reg__
  24:Led.c         ****         leds[i].c.g=0;
 111               		.loc 1 24 0 discriminator 2
 112 0042 1382      		std Z+3,__zero_reg__
  25:Led.c         ****         leds[i].c.b=0;
 113               		.loc 1 25 0 discriminator 2
 114 0044 1482      		std Z+4,__zero_reg__
  16:Led.c         ****         leds[i].row=i%2;//leds[0]=0, leds[1]=1
 115               		.loc 1 16 0 discriminator 2
 116 0046 8F5F      		subi r24,lo8(-(1))
 117               	.LVL11:
 118 0048 3596      		adiw r30,5
 119 004a 8331      		cpi r24,lo8(19)
 120 004c 01F4      		brne .L6
 121               	/* epilogue start */
 122               	.LBE42:
  26:Led.c         ****     }
  27:Led.c         **** }
 123               		.loc 1 27 0
 124 004e 0895      		ret
 125               		.cfi_endproc
 126               	.LFE2:
 128               	.global	getColorByLed
 130               	getColorByLed:
 131               	.LFB3:
  28:Led.c         **** uint32_t getColorByLed(Led l){
 132               		.loc 1 28 0
 133               		.cfi_startproc
 134 0050 CF93      		push r28
 135               	.LCFI2:
 136               		.cfi_def_cfa_offset 3
 137               		.cfi_offset 28, -2
 138 0052 DF93      		push r29
 139               	.LCFI3:
 140               		.cfi_def_cfa_offset 4
 141               		.cfi_offset 29, -3
 142 0054 00D0      		rcall .
 143 0056 00D0      		rcall .
 144 0058 1F92      		push __zero_reg__
 145               	.LCFI4:
 146               		.cfi_def_cfa_offset 9
 147 005a CDB7      		in r28,__SP_L__
 148 005c DEB7      		in r29,__SP_H__
 149               	.LCFI5:
 150               		.cfi_def_cfa_register 28
 151               	/* prologue: function */
 152               	/* frame size = 5 */
 153               	/* stack size = 7 */
 154               	.L__stack_usage = 7
 155               	.LVL12:
 156 005e 272F      		mov r18,r23
 157               	.LVL13:
 158 0060 382F      		mov r19,r24
 159               	.LVL14:
  29:Led.c         ****     uint32_t d=0;
  30:Led.c         ****     if(l.row){
 160               		.loc 1 30 0
 161 0062 5523      		tst r21
 162 0064 01F0      		breq .L10
  31:Led.c         ****         if(l.c.r)d|=R2;
 163               		.loc 1 31 0
 164 0066 6623      		tst r22
 165 0068 01F0      		breq .L16
 166 006a 60E0      		ldi r22,0
 167 006c 70E4      		ldi r23,lo8(64)
 168 006e 80E0      		ldi r24,0
 169 0070 90E0      		ldi r25,0
 170               	.LVL15:
 171 0072 00C0      		rjmp .L11
 172               	.LVL16:
 173               	.L16:
  29:Led.c         ****     uint32_t d=0;
 174               		.loc 1 29 0
 175 0074 60E0      		ldi r22,0
 176 0076 70E0      		ldi r23,0
 177 0078 CB01      		movw r24,r22
 178               	.LVL17:
 179               	.L11:
  32:Led.c         ****         if(l.c.g)d|=G2;
 180               		.loc 1 32 0
 181 007a 2111      		cpse r18,__zero_reg__
 182               		.loc 1 32 0 is_stmt 0 discriminator 1
 183 007c 8460      		ori r24,4
 184               	.LVL18:
 185               	.L12:
  33:Led.c         ****         if(l.c.b)d|=B2;
 186               		.loc 1 33 0 is_stmt 1
 187 007e 3323      		tst r19
 188 0080 01F0      		breq .L13
 189               		.loc 1 33 0 is_stmt 0 discriminator 1
 190 0082 8260      		ori r24,2
 191               	.LVL19:
 192 0084 00C0      		rjmp .L13
 193               	.LVL20:
 194               	.L10:
  34:Led.c         ****     }else{
  35:Led.c         ****         if(l.c.r)d|=R1;
 195               		.loc 1 35 0 is_stmt 1
 196 0086 6623      		tst r22
 197 0088 01F0      		breq .L17
 198 008a 60E0      		ldi r22,0
 199 008c 70E8      		ldi r23,lo8(-128)
 200 008e 80E0      		ldi r24,0
 201 0090 90E0      		ldi r25,0
 202               	.LVL21:
 203 0092 00C0      		rjmp .L14
 204               	.LVL22:
 205               	.L17:
  29:Led.c         ****     if(l.row){
 206               		.loc 1 29 0
 207 0094 60E0      		ldi r22,0
 208 0096 70E0      		ldi r23,0
 209 0098 CB01      		movw r24,r22
 210               	.LVL23:
 211               	.L14:
  36:Led.c         ****         if(l.c.g)d|=G1;
 212               		.loc 1 36 0
 213 009a 2111      		cpse r18,__zero_reg__
 214               		.loc 1 36 0 is_stmt 0 discriminator 1
 215 009c 8860      		ori r24,8
 216               	.LVL24:
 217               	.L15:
  37:Led.c         ****         if(l.c.b)d|=B1;
 218               		.loc 1 37 0 is_stmt 1
 219 009e 3111      		cpse r19,__zero_reg__
 220               		.loc 1 37 0 is_stmt 0 discriminator 1
 221 00a0 8160      		ori r24,1
 222               	.LVL25:
 223               	.L13:
 224               	/* epilogue start */
  38:Led.c         ****     }
  39:Led.c         ****     return d;
  40:Led.c         **** }
 225               		.loc 1 40 0 is_stmt 1
 226 00a2 0F90      		pop __tmp_reg__
 227 00a4 0F90      		pop __tmp_reg__
 228 00a6 0F90      		pop __tmp_reg__
 229 00a8 0F90      		pop __tmp_reg__
 230 00aa 0F90      		pop __tmp_reg__
 231 00ac DF91      		pop r29
 232 00ae CF91      		pop r28
 233 00b0 0895      		ret
 234               		.cfi_endproc
 235               	.LFE3:
 237               	.global	getDataByColor
 239               	getDataByColor:
 240               	.LFB4:
  41:Led.c         **** 
  42:Led.c         **** uint32_t getDataByColor(Tcolor c, uint8_t mode, Led* leds){
 241               		.loc 1 42 0
 242               		.cfi_startproc
 243               	.LVL26:
 244 00b2 EF92      		push r14
 245               	.LCFI6:
 246               		.cfi_def_cfa_offset 3
 247               		.cfi_offset 14, -2
 248 00b4 FF92      		push r15
 249               	.LCFI7:
 250               		.cfi_def_cfa_offset 4
 251               		.cfi_offset 15, -3
 252 00b6 0F93      		push r16
 253               	.LCFI8:
 254               		.cfi_def_cfa_offset 5
 255               		.cfi_offset 16, -4
 256 00b8 1F93      		push r17
 257               	.LCFI9:
 258               		.cfi_def_cfa_offset 6
 259               		.cfi_offset 17, -5
 260 00ba CF93      		push r28
 261               	.LCFI10:
 262               		.cfi_def_cfa_offset 7
 263               		.cfi_offset 28, -6
 264 00bc DF93      		push r29
 265               	.LCFI11:
 266               		.cfi_def_cfa_offset 8
 267               		.cfi_offset 29, -7
 268               	/* prologue: function */
 269               	/* frame size = 0 */
 270               	/* stack size = 6 */
 271               	.L__stack_usage = 6
 272 00be 562F      		mov r21,r22
 273 00c0 F72E      		mov r15,r23
 274 00c2 E82E      		mov r14,r24
 275 00c4 F901      		movw r30,r18
 276               	.LVL27:
 277 00c6 D901      		movw r26,r18
 278 00c8 A15A      		subi r26,-95
 279 00ca BF4F      		sbci r27,-1
  43:Led.c         ****     uint32_t data=0;
 280               		.loc 1 43 0
 281 00cc 60E0      		ldi r22,0
 282 00ce 70E0      		ldi r23,0
 283 00d0 CB01      		movw r24,r22
 284               	.LVL28:
 285               	.LBB43:
  44:Led.c         ****     for(uint8_t i=0;i<NBLEDS;i++){
  45:Led.c         ****         if(leds[i].row==mode){
  46:Led.c         ****             if((leds[i].c.r && c.r) || (leds[i].c.g && c.g) || (leds[i].c.b && c.b)){
  47:Led.c         ****                 data|=(1<<leds[i].col);
 286               		.loc 1 47 0
 287 00d2 C1E0      		ldi r28,lo8(1)
 288 00d4 D0E0      		ldi r29,0
 289               	.LVL29:
 290               	.L35:
  45:Led.c         ****             if((leds[i].c.r && c.r) || (leds[i].c.g && c.g) || (leds[i].c.b && c.b)){
 291               		.loc 1 45 0
 292 00d6 2181      		ldd r18,Z+1
 293 00d8 2413      		cpse r18,r20
 294 00da 00C0      		rjmp .L31
  46:Led.c         ****                 data|=(1<<leds[i].col);
 295               		.loc 1 46 0
 296 00dc 2281      		ldd r18,Z+2
 297 00de 2223      		tst r18
 298 00e0 01F0      		breq .L32
  46:Led.c         ****                 data|=(1<<leds[i].col);
 299               		.loc 1 46 0 is_stmt 0 discriminator 1
 300 00e2 5111      		cpse r21,__zero_reg__
 301 00e4 00C0      		rjmp .L33
 302               	.L32:
  46:Led.c         ****                 data|=(1<<leds[i].col);
 303               		.loc 1 46 0 discriminator 3
 304 00e6 2381      		ldd r18,Z+3
 305 00e8 2223      		tst r18
 306 00ea 01F0      		breq .L34
 307               	.LVL30:
  46:Led.c         ****                 data|=(1<<leds[i].col);
 308               		.loc 1 46 0 discriminator 4
 309 00ec F110      		cpse r15,__zero_reg__
 310 00ee 00C0      		rjmp .L33
 311               	.L34:
  46:Led.c         ****                 data|=(1<<leds[i].col);
 312               		.loc 1 46 0 discriminator 6
 313 00f0 2481      		ldd r18,Z+4
 314 00f2 2223      		tst r18
 315 00f4 01F0      		breq .L31
 316               	.LVL31:
  46:Led.c         ****                 data|=(1<<leds[i].col);
 317               		.loc 1 46 0 discriminator 7
 318 00f6 EE20      		tst r14
 319 00f8 01F0      		breq .L31
 320               	.L33:
 321               		.loc 1 47 0 is_stmt 1
 322 00fa 8E01      		movw r16,r28
 323 00fc 0080      		ld r0,Z
 324 00fe 00C0      		rjmp 2f
 325               		1:
 326 0100 000F      		lsl r16
 327 0102 111F      		rol r17
 328               		2:
 329 0104 0A94      		dec r0
 330 0106 02F4      		brpl 1b
 331 0108 012E      		mov __tmp_reg__,r17
 332 010a 000C      		lsl r0
 333 010c 220B      		sbc r18,r18
 334 010e 330B      		sbc r19,r19
 335 0110 602B      		or r22,r16
 336 0112 712B      		or r23,r17
 337 0114 822B      		or r24,r18
 338 0116 932B      		or r25,r19
 339               	.LVL32:
 340               	.L31:
 341 0118 3596      		adiw r30,5
  44:Led.c         ****     for(uint8_t i=0;i<NBLEDS;i++){
 342               		.loc 1 44 0 discriminator 2
 343 011a EA17      		cp r30,r26
 344 011c FB07      		cpc r31,r27
 345 011e 01F4      		brne .L35
 346               	/* epilogue start */
 347               	.LBE43:
  48:Led.c         ****             }
  49:Led.c         ****         }
  50:Led.c         ****     }
  51:Led.c         ****     return data;
  52:Led.c         **** }
 348               		.loc 1 52 0
 349 0120 DF91      		pop r29
 350 0122 CF91      		pop r28
 351 0124 1F91      		pop r17
 352 0126 0F91      		pop r16
 353 0128 FF90      		pop r15
 354 012a EF90      		pop r14
 355 012c 0895      		ret
 356               		.cfi_endproc
 357               	.LFE4:
 359               	.global	ledOff
 361               	ledOff:
 362               	.LFB5:
  53:Led.c         **** 
  54:Led.c         **** void ledOff(Led* l){
 363               		.loc 1 54 0
 364               		.cfi_startproc
 365               	.LVL33:
 366               	/* prologue: function */
 367               	/* frame size = 0 */
 368               	/* stack size = 0 */
 369               	.L__stack_usage = 0
 370 012e FC01      		movw r30,r24
  55:Led.c         ****     l->c.r=0;
 371               		.loc 1 55 0
 372 0130 1282      		std Z+2,__zero_reg__
  56:Led.c         ****     l->c.g=0;
 373               		.loc 1 56 0
 374 0132 1382      		std Z+3,__zero_reg__
  57:Led.c         ****     l->c.b=0;
 375               		.loc 1 57 0
 376 0134 1482      		std Z+4,__zero_reg__
 377 0136 0895      		ret
 378               		.cfi_endproc
 379               	.LFE5:
 381               	.global	ledOn
 383               	ledOn:
 384               	.LFB6:
  58:Led.c         **** }
  59:Led.c         **** void ledOn(Led* l){
 385               		.loc 1 59 0
 386               		.cfi_startproc
 387               	.LVL34:
 388               	/* prologue: function */
 389               	/* frame size = 0 */
 390               	/* stack size = 0 */
 391               	.L__stack_usage = 0
 392 0138 FC01      		movw r30,r24
  60:Led.c         ****     l->c.r=255;
 393               		.loc 1 60 0
 394 013a 8FEF      		ldi r24,lo8(-1)
 395               	.LVL35:
 396 013c 8283      		std Z+2,r24
  61:Led.c         ****     l->c.g=255;
 397               		.loc 1 61 0
 398 013e 8383      		std Z+3,r24
  62:Led.c         ****     l->c.b=255;
 399               		.loc 1 62 0
 400 0140 8483      		std Z+4,r24
 401 0142 0895      		ret
 402               		.cfi_endproc
 403               	.LFE6:
 405               	.global	ledOnC
 407               	ledOnC:
 408               	.LFB7:
  63:Led.c         **** }
  64:Led.c         **** 
  65:Led.c         **** void ledOnC(Led* l,Tcolor c){
 409               		.loc 1 65 0
 410               		.cfi_startproc
 411               	.LVL36:
 412               	/* prologue: function */
 413               	/* frame size = 0 */
 414               	/* stack size = 0 */
 415               	.L__stack_usage = 0
  66:Led.c         ****     l->c=c;   
 416               		.loc 1 66 0
 417 0144 FC01      		movw r30,r24
 418 0146 4283      		std Z+2,r20
 419 0148 5383      		std Z+3,r21
 420 014a 6483      		std Z+4,r22
 421 014c 0895      		ret
 422               		.cfi_endproc
 423               	.LFE7:
 425               	.global	ledOnV
 427               	ledOnV:
 428               	.LFB8:
  67:Led.c         **** }
  68:Led.c         **** 
  69:Led.c         **** void ledOnV(Led* l,uint32_t v){
 429               		.loc 1 69 0
 430               		.cfi_startproc
 431               	.LVL37:
 432               	/* prologue: function */
 433               	/* frame size = 0 */
 434               	/* stack size = 0 */
 435               	.L__stack_usage = 0
 436 014e FC01      		movw r30,r24
 437               	.LVL38:
  70:Led.c         ****     l->c=tcolorV(v);
 438               		.loc 1 70 0
 439 0150 6283      		std Z+2,r22
 440 0152 5383      		std Z+3,r21
 441 0154 4483      		std Z+4,r20
 442 0156 0895      		ret
 443               		.cfi_endproc
 444               	.LFE8:
 446               	.global	ledIsOff
 448               	ledIsOff:
 449               	.LFB9:
  71:Led.c         **** }
  72:Led.c         **** 
  73:Led.c         **** uint8_t ledIsOff(Led l){
 450               		.loc 1 73 0
 451               		.cfi_startproc
 452 0158 CF93      		push r28
 453               	.LCFI12:
 454               		.cfi_def_cfa_offset 3
 455               		.cfi_offset 28, -2
 456 015a DF93      		push r29
 457               	.LCFI13:
 458               		.cfi_def_cfa_offset 4
 459               		.cfi_offset 29, -3
 460 015c 00D0      		rcall .
 461 015e 00D0      		rcall .
 462 0160 1F92      		push __zero_reg__
 463               	.LCFI14:
 464               		.cfi_def_cfa_offset 9
 465 0162 CDB7      		in r28,__SP_L__
 466 0164 DEB7      		in r29,__SP_H__
 467               	.LCFI15:
 468               		.cfi_def_cfa_register 28
 469               	/* prologue: function */
 470               	/* frame size = 5 */
 471               	/* stack size = 7 */
 472               	.L__stack_usage = 7
 473               	.LVL39:
 474               	.LBB44:
 475               	.LBB45:
  74:Led.c         ****     return !ledIsOn(l);
  75:Led.c         **** }
  76:Led.c         **** uint8_t ledIsOn(Led l){
  77:Led.c         ****     return l.c.r || l.c.g || l.c.b;
 476               		.loc 1 77 0
 477 0166 6111      		cpse r22,__zero_reg__
 478 0168 00C0      		rjmp .L57
 479 016a 7111      		cpse r23,__zero_reg__
 480 016c 00C0      		rjmp .L57
 481 016e 91E0      		ldi r25,lo8(1)
 482 0170 8111      		cpse r24,__zero_reg__
 483 0172 00C0      		rjmp .L55
 484 0174 90E0      		ldi r25,0
 485               	.L55:
 486 0176 892F      		mov r24,r25
 487               	.LVL40:
 488 0178 00C0      		rjmp .L54
 489               	.LVL41:
 490               	.L57:
 491 017a 81E0      		ldi r24,lo8(1)
 492               	.LVL42:
 493               	.L54:
 494               	.LBE45:
 495               	.LBE44:
  75:Led.c         **** uint8_t ledIsOn(Led l){
 496               		.loc 1 75 0
 497 017c 91E0      		ldi r25,lo8(1)
 498 017e 8927      		eor r24,r25
 499               	/* epilogue start */
 500 0180 0F90      		pop __tmp_reg__
 501 0182 0F90      		pop __tmp_reg__
 502 0184 0F90      		pop __tmp_reg__
 503 0186 0F90      		pop __tmp_reg__
 504 0188 0F90      		pop __tmp_reg__
 505 018a DF91      		pop r29
 506 018c CF91      		pop r28
 507 018e 0895      		ret
 508               		.cfi_endproc
 509               	.LFE9:
 511               	.global	ledIsOn
 513               	ledIsOn:
 514               	.LFB10:
  76:Led.c         ****     return l.c.r || l.c.g || l.c.b;
 515               		.loc 1 76 0
 516               		.cfi_startproc
 517 0190 CF93      		push r28
 518               	.LCFI16:
 519               		.cfi_def_cfa_offset 3
 520               		.cfi_offset 28, -2
 521 0192 DF93      		push r29
 522               	.LCFI17:
 523               		.cfi_def_cfa_offset 4
 524               		.cfi_offset 29, -3
 525 0194 00D0      		rcall .
 526 0196 00D0      		rcall .
 527 0198 1F92      		push __zero_reg__
 528               	.LCFI18:
 529               		.cfi_def_cfa_offset 9
 530 019a CDB7      		in r28,__SP_L__
 531 019c DEB7      		in r29,__SP_H__
 532               	.LCFI19:
 533               		.cfi_def_cfa_register 28
 534               	/* prologue: function */
 535               	/* frame size = 5 */
 536               	/* stack size = 7 */
 537               	.L__stack_usage = 7
 538 019e 8D83      		std Y+5,r24
 539               		.loc 1 77 0
 540 01a0 6111      		cpse r22,__zero_reg__
 541 01a2 00C0      		rjmp .L62
 542               		.loc 1 77 0 is_stmt 0 discriminator 2
 543 01a4 7111      		cpse r23,__zero_reg__
 544 01a6 00C0      		rjmp .L62
 545               		.loc 1 77 0 discriminator 4
 546 01a8 81E0      		ldi r24,lo8(1)
 547 01aa 9D81      		ldd r25,Y+5
 548 01ac 9111      		cpse r25,__zero_reg__
 549 01ae 00C0      		rjmp .L59
 550 01b0 80E0      		ldi r24,0
 551 01b2 00C0      		rjmp .L59
 552               	.L62:
 553               		.loc 1 77 0
 554 01b4 81E0      		ldi r24,lo8(1)
 555               	.L59:
 556               	/* epilogue start */
  78:Led.c         **** }
 557               		.loc 1 78 0 is_stmt 1 discriminator 8
 558 01b6 0F90      		pop __tmp_reg__
 559 01b8 0F90      		pop __tmp_reg__
 560 01ba 0F90      		pop __tmp_reg__
 561 01bc 0F90      		pop __tmp_reg__
 562 01be 0F90      		pop __tmp_reg__
 563 01c0 DF91      		pop r29
 564 01c2 CF91      		pop r28
 565 01c4 0895      		ret
 566               		.cfi_endproc
 567               	.LFE10:
 569               	.global	setLeds
 571               	setLeds:
 572               	.LFB11:
  79:Led.c         **** void setLeds(Ttime t,Led* l,Tcolor c){
 573               		.loc 1 79 0
 574               		.cfi_startproc
 575               	.LVL43:
 576 01c6 6F92      		push r6
 577               	.LCFI20:
 578               		.cfi_def_cfa_offset 3
 579               		.cfi_offset 6, -2
 580 01c8 7F92      		push r7
 581               	.LCFI21:
 582               		.cfi_def_cfa_offset 4
 583               		.cfi_offset 7, -3
 584 01ca 8F92      		push r8
 585               	.LCFI22:
 586               		.cfi_def_cfa_offset 5
 587               		.cfi_offset 8, -4
 588 01cc CF92      		push r12
 589               	.LCFI23:
 590               		.cfi_def_cfa_offset 6
 591               		.cfi_offset 12, -5
 592 01ce DF92      		push r13
 593               	.LCFI24:
 594               		.cfi_def_cfa_offset 7
 595               		.cfi_offset 13, -6
 596 01d0 EF92      		push r14
 597               	.LCFI25:
 598               		.cfi_def_cfa_offset 8
 599               		.cfi_offset 14, -7
 600 01d2 FF92      		push r15
 601               	.LCFI26:
 602               		.cfi_def_cfa_offset 9
 603               		.cfi_offset 15, -8
 604 01d4 0F93      		push r16
 605               	.LCFI27:
 606               		.cfi_def_cfa_offset 10
 607               		.cfi_offset 16, -9
 608 01d6 CF93      		push r28
 609               	.LCFI28:
 610               		.cfi_def_cfa_offset 11
 611               		.cfi_offset 28, -10
 612 01d8 DF93      		push r29
 613               	.LCFI29:
 614               		.cfi_def_cfa_offset 12
 615               		.cfi_offset 29, -11
 616 01da 00D0      		rcall .
 617 01dc 00D0      		rcall .
 618 01de 1F92      		push __zero_reg__
 619               	.LCFI30:
 620               		.cfi_def_cfa_offset 17
 621 01e0 CDB7      		in r28,__SP_L__
 622 01e2 DEB7      		in r29,__SP_H__
 623               	.LCFI31:
 624               		.cfi_def_cfa_register 28
 625               	/* prologue: function */
 626               	/* frame size = 5 */
 627               	/* stack size = 15 */
 628               	.L__stack_usage = 15
 629 01e4 6901      		movw r12,r18
 630 01e6 3701      		movw r6,r14
 631 01e8 802E      		mov r8,r16
 632               	.LVL44:
 633 01ea F901      		movw r30,r18
 634 01ec C901      		movw r24,r18
 635 01ee 815A      		subi r24,-95
 636 01f0 9F4F      		sbci r25,-1
 637               	.LVL45:
 638               	.L64:
 639               	.LBB46:
 640               	.LBB47:
  55:Led.c         ****     l->c.g=0;
 641               		.loc 1 55 0 discriminator 2
 642 01f2 1282      		std Z+2,__zero_reg__
  56:Led.c         ****     l->c.b=0;
 643               		.loc 1 56 0 discriminator 2
 644 01f4 1382      		std Z+3,__zero_reg__
  57:Led.c         **** }
 645               		.loc 1 57 0 discriminator 2
 646 01f6 1482      		std Z+4,__zero_reg__
 647               	.LVL46:
 648 01f8 3596      		adiw r30,5
 649               	.LBE47:
 650               	.LBE46:
  80:Led.c         ****     uint8_t i=0;
  81:Led.c         ****     for(;i<NBLEDS;i++){
 651               		.loc 1 81 0 discriminator 2
 652 01fa E817      		cp r30,r24
 653 01fc F907      		cpc r31,r25
 654 01fe 01F4      		brne .L64
 655               	.LVL47:
 656               	.LBB48:
 657               	.LBB49:
  66:Led.c         **** }
 658               		.loc 1 66 0
 659 0200 F601      		movw r30,r12
 660 0202 E65A      		subi r30,-90
 661 0204 FF4F      		sbci r31,-1
 662               	.LVL48:
 663 0206 6282      		std Z+2,r6
 664 0208 7382      		std Z+3,r7
 665 020a 8482      		std Z+4,r8
 666               	.LVL49:
 667               	.LBE49:
 668               	.LBE48:
  82:Led.c         ****         ledOff(&l[i]);
  83:Led.c         ****     }
  84:Led.c         ****     ledOnC(&l[ILEST],c);
  85:Led.c         ****     
  86:Led.c         ****     switch(currentTime.hour){
 669               		.loc 1 86 0
 670 020c 8091 0000 		lds r24,currentTime
 671 0210 8823      		tst r24
 672 0212 01F0      		breq .L66
 673 0214 8C30      		cpi r24,lo8(12)
 674 0216 01F4      		brne .L80
 675               	.LVL50:
 676               	.LBB50:
 677               	.LBB51:
  66:Led.c         **** }
 678               		.loc 1 66 0
 679 0218 F601      		movw r30,r12
 680 021a EF5B      		subi r30,-65
 681 021c FF4F      		sbci r31,-1
 682               	.LVL51:
 683 021e 00C0      		rjmp .L79
 684               	.LVL52:
 685               	.L66:
 686               	.LBE51:
 687               	.LBE50:
 688               	.LBB52:
 689               	.LBB53:
 690 0220 F601      		movw r30,r12
 691 0222 618A      		std Z+17,r6
 692 0224 728A      		std Z+18,r7
 693 0226 838A      		std Z+19,r8
 694 0228 00C0      		rjmp .L68
 695               	.LVL53:
 696               	.L80:
 697               	.LBE53:
 698               	.LBE52:
  87:Led.c         ****         case 0 :
  88:Led.c         ****             ledOnC(&l[MINUIT],c);
  89:Led.c         ****             break;
  90:Led.c         ****         case 12 :
  91:Led.c         ****             ledOnC(&l[MIDI],c);
  92:Led.c         ****             break;
  93:Led.c         ****         default :
  94:Led.c         ****             if(currentTime.min>55){
 699               		.loc 1 94 0
 700 022a 9091 0000 		lds r25,currentTime+1
  95:Led.c         ****                 ledOnC(&l[ledMap[(currentTime.hour%12)]],c);
 701               		.loc 1 95 0
 702 022e 6CE0      		ldi r22,lo8(12)
  94:Led.c         ****                 ledOnC(&l[ledMap[(currentTime.hour%12)]],c);
 703               		.loc 1 94 0
 704 0230 9833      		cpi r25,lo8(56)
 705 0232 00F0      		brlo .L69
 706               		.loc 1 95 0
 707 0234 0E94 0000 		call __udivmodqi4
 708 0238 E92F      		mov r30,r25
 709 023a F0E0      		ldi r31,0
 710 023c E050      		subi r30,lo8(-(ledMap))
 711 023e F040      		sbci r31,hi8(-(ledMap))
 712 0240 00C0      		rjmp .L78
 713               	.L69:
  96:Led.c         ****             }else{
  97:Led.c         ****                 ledOnC(&l[ledMap[(currentTime.hour%12)-1]],c);
 714               		.loc 1 97 0
 715 0242 0E94 0000 		call __udivmodqi4
 716 0246 E92F      		mov r30,r25
 717 0248 F0E0      		ldi r31,0
 718 024a E050      		subi r30,lo8(-(ledMap-1))
 719 024c F040      		sbci r31,hi8(-(ledMap-1))
 720               	.L78:
 721 024e 8081      		ld r24,Z
 722               	.LVL54:
 723               	.LBB54:
 724               	.LBB55:
  66:Led.c         **** }
 725               		.loc 1 66 0
 726 0250 F601      		movw r30,r12
 727 0252 95E0      		ldi r25,lo8(5)
 728 0254 899F      		mul r24,r25
 729 0256 E00D      		add r30,r0
 730 0258 F11D      		adc r31,r1
 731 025a 1124      		clr __zero_reg__
 732 025c 6282      		std Z+2,r6
 733 025e 7382      		std Z+3,r7
 734 0260 8482      		std Z+4,r8
 735               	.LVL55:
 736               	.LBE55:
 737               	.LBE54:
 738               	.LBB56:
 739               	.LBB57:
 740 0262 F601      		movw r30,r12
 741 0264 E55B      		subi r30,-75
 742 0266 FF4F      		sbci r31,-1
 743               	.LVL56:
 744               	.L79:
 745 0268 6282      		std Z+2,r6
 746 026a 7382      		std Z+3,r7
 747 026c 8482      		std Z+4,r8
 748               	.L68:
 749               	.LBE57:
 750               	.LBE56:
  98:Led.c         ****             }
  99:Led.c         ****             ledOnC(&l[HEURE],c);
 100:Led.c         ****             break;
 101:Led.c         ****     }
 102:Led.c         ****     uint8_t mins = minquad(currentTime.min); 
 751               		.loc 1 102 0
 752 026e 8091 0000 		lds r24,currentTime+1
 753 0272 0E94 0000 		call minquad
 754               	.LVL57:
 103:Led.c         ****     if(mins > 30){
 755               		.loc 1 103 0
 756 0276 8F31      		cpi r24,lo8(31)
 757 0278 00F0      		brlo .L71
 758               	.LVL58:
 759               	.LBB58:
 760               	.LBB59:
  66:Led.c         **** }
 761               		.loc 1 66 0
 762 027a F601      		movw r30,r12
 763 027c 67A6      		std Z+47,r6
 764 027e 70AA      		std Z+48,r7
 765 0280 81AA      		std Z+49,r8
 766               	.LVL59:
 767               	.LBE59:
 768               	.LBE58:
 104:Led.c         ****         ledOnC(&l[MOINS],c);
 105:Led.c         ****         mins=60-mins;
 769               		.loc 1 105 0
 770 0282 9CE3      		ldi r25,lo8(60)
 771 0284 981B      		sub r25,r24
 772 0286 892F      		mov r24,r25
 773               	.LVL60:
 774               	.L71:
 106:Led.c         ****     }
 107:Led.c         ****     switch(mins){
 775               		.loc 1 107 0
 776 0288 8431      		cpi r24,lo8(20)
 777 028a 01F0      		breq .L73
 778 028c 8E31      		cpi r24,lo8(30)
 779 028e 01F0      		breq .L74
 780 0290 8A30      		cpi r24,lo8(10)
 781 0292 01F4      		brne .L63
 782               	.LVL61:
 783               	.LBB60:
 784               	.LBB61:
  66:Led.c         **** }
 785               		.loc 1 66 0
 786 0294 F601      		movw r30,r12
 787 0296 638E      		std Z+27,r6
 788 0298 748E      		std Z+28,r7
 789 029a 858E      		std Z+29,r8
 790 029c 00C0      		rjmp .L63
 791               	.LVL62:
 792               	.L73:
 793               	.LBE61:
 794               	.LBE60:
 795               	.LBB62:
 796               	.LBB63:
 797 029e F601      		movw r30,r12
 798 02a0 61AE      		std Z+57,r6
 799 02a2 72AE      		std Z+58,r7
 800 02a4 83AE      		std Z+59,r8
 801 02a6 00C0      		rjmp .L63
 802               	.LVL63:
 803               	.L74:
 804               	.LBE63:
 805               	.LBE62:
 806               	.LBB64:
 807               	.LBB65:
 808 02a8 F601      		movw r30,r12
 809 02aa 6782      		std Z+7,r6
 810 02ac 7086      		std Z+8,r7
 811 02ae 8186      		std Z+9,r8
 812               	.LVL64:
 813               	.L63:
 814               	/* epilogue start */
 815               	.LBE65:
 816               	.LBE64:
 108:Led.c         ****         case 10 :
 109:Led.c         ****             ledOnC(&l[DIX],c);
 110:Led.c         ****             break;
 111:Led.c         ****         case 20 :
 112:Led.c         ****             ledOnC(&l[VINGT],c);
 113:Led.c         ****             break;
 114:Led.c         ****         case 30 :
 115:Led.c         ****             ledOnC(&l[ETDEMIE],c);
 116:Led.c         ****             break;
 117:Led.c         ****     }
 118:Led.c         **** }
 817               		.loc 1 118 0
 818 02b0 0F90      		pop __tmp_reg__
 819 02b2 0F90      		pop __tmp_reg__
 820 02b4 0F90      		pop __tmp_reg__
 821 02b6 0F90      		pop __tmp_reg__
 822 02b8 0F90      		pop __tmp_reg__
 823 02ba DF91      		pop r29
 824 02bc CF91      		pop r28
 825 02be 0F91      		pop r16
 826 02c0 FF90      		pop r15
 827 02c2 EF90      		pop r14
 828 02c4 DF90      		pop r13
 829 02c6 CF90      		pop r12
 830               	.LVL65:
 831 02c8 8F90      		pop r8
 832 02ca 7F90      		pop r7
 833 02cc 6F90      		pop r6
 834               	.LVL66:
 835 02ce 0895      		ret
 836               		.cfi_endproc
 837               	.LFE11:
 839               	.global	setLedsNb
 841               	setLedsNb:
 842               	.LFB12:
 119:Led.c         **** 
 120:Led.c         **** void setLedsNb(int8_t nb, Led* l, Tcolor c){
 843               		.loc 1 120 0
 844               		.cfi_startproc
 845               	.LVL67:
 846               	/* prologue: function */
 847               	/* frame size = 0 */
 848               	/* stack size = 0 */
 849               	.L__stack_usage = 0
 850 02d0 DB01      		movw r26,r22
 851               	.LVL68:
 852 02d2 FB01      		movw r30,r22
 853 02d4 615A      		subi r22,-95
 854 02d6 7F4F      		sbci r23,-1
 855               	.LVL69:
 856               	.L82:
 857               	.LBB66:
 858               	.LBB67:
  55:Led.c         ****     l->c.g=0;
 859               		.loc 1 55 0 discriminator 2
 860 02d8 1282      		std Z+2,__zero_reg__
  56:Led.c         ****     l->c.b=0;
 861               		.loc 1 56 0 discriminator 2
 862 02da 1382      		std Z+3,__zero_reg__
  57:Led.c         **** }
 863               		.loc 1 57 0 discriminator 2
 864 02dc 1482      		std Z+4,__zero_reg__
 865               	.LVL70:
 866 02de 3596      		adiw r30,5
 867               	.LBE67:
 868               	.LBE66:
 121:Led.c         ****     uint8_t i=0;
 122:Led.c         ****     for(;i<NBLEDS;i++){
 869               		.loc 1 122 0 discriminator 2
 870 02e0 6E17      		cp r22,r30
 871 02e2 7F07      		cpc r23,r31
 872 02e4 01F4      		brne .L82
 123:Led.c         ****         ledOff(&l[i]);
 124:Led.c         ****     }
 125:Led.c         ****     if(nb < 0){
 873               		.loc 1 125 0
 874 02e6 87FF      		sbrs r24,7
 875 02e8 00C0      		rjmp .L83
 876               	.LVL71:
 877               	.LBB68:
 878               	.LBB69:
  66:Led.c         **** }
 879               		.loc 1 66 0
 880 02ea 9F96      		adiw r26,47
 881 02ec 2D93      		st X+,r18
 882 02ee 3D93      		st X+,r19
 883 02f0 4C93      		st X,r20
 884 02f2 D197      		sbiw r26,47+2
 885               	.LVL72:
 886               	.LBE69:
 887               	.LBE68:
 126:Led.c         ****         ledOnC(&l[MOINS],c);
 127:Led.c         ****         nb=-nb;
 888               		.loc 1 127 0
 889 02f4 8195      		neg r24
 890               	.LVL73:
 891               	.L83:
 128:Led.c         ****     }
 129:Led.c         ****     if(nb>30){
 892               		.loc 1 129 0
 893 02f6 8F31      		cpi r24,lo8(31)
 894 02f8 04F0      		brlt .L84
 895               	.LVL74:
 896               	.LBB70:
 897               	.LBB71:
  66:Led.c         **** }
 898               		.loc 1 66 0
 899 02fa D996      		adiw r26,57
 900 02fc 2D93      		st X+,r18
 901 02fe 3D93      		st X+,r19
 902 0300 4C93      		st X,r20
 903 0302 DB97      		sbiw r26,57+2
 904               	.LVL75:
 905               	.LBE71:
 906               	.LBE70:
 907               	.LBB72:
 908               	.LBB73:
 909 0304 5B96      		adiw r26,27
 910 0306 2D93      		st X+,r18
 911 0308 3D93      		st X+,r19
 912 030a 4C93      		st X,r20
 913 030c 5D97      		sbiw r26,27+2
 914               	.LVL76:
 915               	.LBE73:
 916               	.LBE72:
 130:Led.c         ****         ledOnC(&l[VINGT],c);
 131:Led.c         ****         ledOnC(&l[DIX],c);
 132:Led.c         ****         nb=nb-30;
 917               		.loc 1 132 0
 918 030e 8E51      		subi r24,lo8(-(-30))
 919               	.LVL77:
 920 0310 00C0      		rjmp .L85
 921               	.L84:
 133:Led.c         ****     }else if(nb>20){
 922               		.loc 1 133 0
 923 0312 8531      		cpi r24,lo8(21)
 924 0314 04F0      		brlt .L86
 925               	.LVL78:
 926               	.LBB74:
 927               	.LBB75:
  66:Led.c         **** }
 928               		.loc 1 66 0
 929 0316 D996      		adiw r26,57
 930 0318 2D93      		st X+,r18
 931 031a 3D93      		st X+,r19
 932 031c 4C93      		st X,r20
 933 031e DB97      		sbiw r26,57+2
 934               	.LVL79:
 935 0320 00C0      		rjmp .L88
 936               	.L86:
 937               	.LBE75:
 938               	.LBE74:
 134:Led.c         ****         ledOnC(&l[VINGT],c);
 135:Led.c         ****         nb=nb-10;
 136:Led.c         ****     }else if(nb>11){
 939               		.loc 1 136 0
 940 0322 8C30      		cpi r24,lo8(12)
 941 0324 04F0      		brlt .L85
 942               	.LVL80:
 943               	.LBB76:
 944               	.LBB77:
  66:Led.c         **** }
 945               		.loc 1 66 0
 946 0326 5B96      		adiw r26,27
 947 0328 2D93      		st X+,r18
 948 032a 3D93      		st X+,r19
 949 032c 4C93      		st X,r20
 950 032e 5D97      		sbiw r26,27+2
 951               	.LVL81:
 952               	.L88:
 953               	.LBE77:
 954               	.LBE76:
 137:Led.c         ****         ledOnC(&l[DIX],c);
 138:Led.c         ****         nb=nb-10;
 955               		.loc 1 138 0
 956 0330 8A50      		subi r24,lo8(-(-10))
 957               	.LVL82:
 958               	.L85:
 139:Led.c         ****     }
 140:Led.c         ****     ledOnC(&l[ledMap[nb-1]],c);
 959               		.loc 1 140 0
 960 0332 E82F      		mov r30,r24
 961 0334 880F      		lsl r24
 962 0336 FF0B      		sbc r31,r31
 963 0338 E050      		subi r30,lo8(-(ledMap-1))
 964 033a F040      		sbci r31,hi8(-(ledMap-1))
 965 033c 8081      		ld r24,Z
 966               	.LVL83:
 967               	.LBB78:
 968               	.LBB79:
  66:Led.c         **** }
 969               		.loc 1 66 0
 970 033e 95E0      		ldi r25,lo8(5)
 971 0340 899F      		mul r24,r25
 972 0342 A00D      		add r26,r0
 973 0344 B11D      		adc r27,r1
 974 0346 1124      		clr __zero_reg__
 975               	.LVL84:
 976 0348 1296      		adiw r26,2
 977 034a 2D93      		st X+,r18
 978 034c 3D93      		st X+,r19
 979 034e 4C93      		st X,r20
 980               	.LVL85:
 981 0350 0895      		ret
 982               	.LBE79:
 983               	.LBE78:
 984               		.cfi_endproc
 985               	.LFE12:
 987               		.section	.rodata
 990               	ledMap:
 991 0000 07        		.byte	7
 992 0001 08        		.byte	8
 993 0002 0A        		.byte	10
 994 0003 0E        		.byte	14
 995 0004 00        		.byte	0
 996 0005 04        		.byte	4
 997 0006 11        		.byte	17
 998 0007 02        		.byte	2
 999 0008 0C        		.byte	12
 1000 0009 06        		.byte	6
 1001 000a 10        		.byte	16
 1002               		.comm	currentColor,3,1
 1003               		.comm	currentTime,5,1
 1004               		.text
 1005               	.Letext0:
 1006               		.file 2 "/usr/lib/avr/include/stdint.h"
 1007               		.file 3 "RTC.h"
 1008               		.file 4 "Led.h"
DEFINED SYMBOLS
                            *ABS*:0000000000000000 Led.c
     /tmp/ccoM7SHf.s:2      *ABS*:000000000000003e __SP_H__
     /tmp/ccoM7SHf.s:3      *ABS*:000000000000003d __SP_L__
     /tmp/ccoM7SHf.s:4      *ABS*:000000000000003f __SREG__
     /tmp/ccoM7SHf.s:5      *ABS*:0000000000000000 __tmp_reg__
     /tmp/ccoM7SHf.s:6      *ABS*:0000000000000001 __zero_reg__
     /tmp/ccoM7SHf.s:12     .text:0000000000000000 tcolor
     /tmp/ccoM7SHf.s:35     .text:0000000000000008 tcolorV
     /tmp/ccoM7SHf.s:77     .text:0000000000000028 ledInit
     /tmp/ccoM7SHf.s:130    .text:0000000000000050 getColorByLed
     /tmp/ccoM7SHf.s:239    .text:00000000000000b2 getDataByColor
     /tmp/ccoM7SHf.s:361    .text:000000000000012e ledOff
     /tmp/ccoM7SHf.s:383    .text:0000000000000138 ledOn
     /tmp/ccoM7SHf.s:407    .text:0000000000000144 ledOnC
     /tmp/ccoM7SHf.s:427    .text:000000000000014e ledOnV
     /tmp/ccoM7SHf.s:448    .text:0000000000000158 ledIsOff
     /tmp/ccoM7SHf.s:513    .text:0000000000000190 ledIsOn
     /tmp/ccoM7SHf.s:571    .text:00000000000001c6 setLeds
                            *COM*:0000000000000005 currentTime
     /tmp/ccoM7SHf.s:990    .rodata:0000000000000000 ledMap
     /tmp/ccoM7SHf.s:841    .text:00000000000002d0 setLedsNb
                            *COM*:0000000000000003 currentColor

UNDEFINED SYMBOLS
__udivmodqi4
minquad
__do_copy_data
__do_clear_bss
