   1               		.file	"main.c"
   2               	__SREG__ = 0x3f
   3               	__SP_H__ = 0x3e
   4               	__SP_L__ = 0x3d
   5               	__CCP__  = 0x34
   6               	__tmp_reg__ = 0
   7               	__zero_reg__ = 1
  15               	.Ltext0:
  16               	.global	uart_init
  18               	uart_init:
  19               	.LFB2:
  20               	.LM1:
  21               	/* prologue: function */
  22               	/* frame size = 0 */
  23               	.LM2:
  24 0000 10BC      		out 64-32,__zero_reg__
  25               	.LM3:
  26 0002 8DE4      		ldi r24,lo8(77)
  27 0004 89B9      		out 41-32,r24
  28               	.LM4:
  29 0006 8AB1      		in r24,42-32
  30 0008 8861      		ori r24,lo8(24)
  31 000a 8AB9      		out 42-32,r24
  32               	.LM5:
  33 000c 80B5      		in r24,64-32
  34 000e 8668      		ori r24,lo8(-122)
  35 0010 80BD      		out 64-32,r24
  36               	/* epilogue start */
  37               	.LM6:
  38 0012 0895      		ret
  39               	.LFE2:
  41               	.global	uart_transmit
  43               	uart_transmit:
  44               	.LFB3:
  45               	.LM7:
  46               	/* prologue: function */
  47               	/* frame size = 0 */
  48               	.LVL0:
  49               	.L4:
  50               	.LM8:
  51 0014 5D9B      		sbis 43-32,5
  52 0016 00C0      		rjmp .L4
  53               	.LM9:
  54 0018 8CB9      		out 44-32,r24
  55               	/* epilogue start */
  56               	.LM10:
  57 001a 0895      		ret
  58               	.LFE3:
  60               	.global	uart_transmitMult
  62               	uart_transmitMult:
  63               	.LFB4:
  64               	.LM11:
  65               	.LVL1:
  66               	/* prologue: function */
  67               	/* frame size = 0 */
  68 001c FC01      		movw r30,r24
  69 001e 00C0      		rjmp .L8
  70               	.LVL2:
  71               	.L11:
  72               	.LBB4:
  73               	.LBB5:
  74               	.LM12:
  75 0020 5D9B      		sbis 43-32,5
  76 0022 00C0      		rjmp .L11
  77               	.LBE5:
  78               	.LBE4:
  79               	.LM13:
  80 0024 3196      		adiw r30,1
  81               	.LBB7:
  82               	.LBB6:
  83               	.LM14:
  84 0026 8CB9      		out 44-32,r24
  85               	.LVL3:
  86               	.L8:
  87               	.LBE6:
  88               	.LBE7:
  89               	.LM15:
  90 0028 8081      		ld r24,Z
  91 002a 8823      		tst r24
  92 002c 01F4      		brne .L11
  93               	/* epilogue start */
  94               	.LM16:
  95 002e 0895      		ret
  96               	.LFE4:
  98               	.global	main
 100               	main:
 101               	.LFB5:
 102               	.LM17:
 103               	/* prologue: function */
 104               	/* frame size = 0 */
 105               	.LM18:
 106 0030 B89A      		sbi 55-32,0
 107               	.LM19:
 108 0032 C09A      		sbi 56-32,0
 109               	.LM20:
 110 0034 00D0      		rcall uart_init
 111               	.LM21:
 112 0036 89B7      		in r24,89-32
 113 0038 8160      		ori r24,lo8(1)
 114 003a 89BF      		out 89-32,r24
 115               	.LM22:
 116               	/* #APP */
 117               	 ;  33 "main.c" 1
 118 003c 7894      		sei
 119               	 ;  0 "" 2
 120               	.LM23:
 121               	/* #NOAPP */
 122 003e 83B7      		in r24,83-32
 123 0040 8560      		ori r24,lo8(5)
 124 0042 83BF      		out 83-32,r24
 125               	.L14:
 126 0044 00C0      		rjmp .L14
 127               	.LFE5:
 129               		.data
 130               	.LC0:
 131 0000 4845 4C4C 		.ascii	"HELLO WORLD I AM WRITING A LONG MESSAGE, I HOPE IT DOESN'T T"
 131      4F20 574F 
 131      524C 4420 
 131      4920 414D 
 131      2057 5249 
 132 003c 414B 4520 		.ascii	"AKE TOO LONG TO ARRIVE ALSO WHY AM I TYPING USING CAPITALS ?"
 132      544F 4F20 
 132      4C4F 4E47 
 132      2054 4F20 
 132      4152 5249 
 133 0078 2054 4849 		.ascii	" THIS IS STARTING TO GET A BIT SILLY NO ? I WONDER I I FILLE"
 133      5320 4953 
 133      2053 5441 
 133      5254 494E 
 133      4720 544F 
 134 00b4 4420 4D59 		.ascii	"D MY  MEMORY ALREADY OR IF I SHOULD CONTINUE LOOKS LIKE I SH"
 134      2020 4D45 
 134      4D4F 5259 
 134      2041 4C52 
 134      4541 4459 
 135 00f0 4F55 4C44 		.ascii	"OULD CONTINUE BECAUSE THER IS STILL 30% LEFT, but I have a f"
 135      2043 4F4E 
 135      5449 4E55 
 135      4520 4245 
 135      4341 5553 
 136 012c 6565 6C69 		.ascii	"eeling it could take a bit longer than expected...DO YOU THI"
 136      6E67 2069 
 136      7420 636F 
 136      756C 6420 
 136      7461 6B65 
 137 0168 4E4B 2057 		.ascii	"NK WE WILL HIT A LIMIT AT A CERTAIN POINT ? BECAUSE I FEEL L"
 137      4520 5749 
 137      4C4C 2048 
 137      4954 2041 
 137      204C 494D 
 138 01a4 494B 4520 		.ascii	"IKE IT IS GONNA TAKE FOREVER, WE ARE "
 138      4954 2049 
 138      5320 474F 
 138      4E4E 4120 
 138      5441 4B45 
 139 01c9 414C 5245 		.string	"ALREADY AT 400+ CHARACTERS AND ONLY A THIRD OF THE WAY DONE !!!\n"
 139      4144 5920 
 139      4154 2034 
 139      3030 2B20 
 139      4348 4152 
 140               		.text
 141               	.global	__vector_9
 143               	__vector_9:
 144               	.LFB6:
 145               	.LM24:
 146 0046 1F92      		push __zero_reg__
 147 0048 0F92      		push r0
 148 004a 0FB6      		in r0,__SREG__
 149 004c 0F92      		push r0
 150 004e 1124      		clr __zero_reg__
 151 0050 2F93      		push r18
 152 0052 3F93      		push r19
 153 0054 4F93      		push r20
 154 0056 5F93      		push r21
 155 0058 6F93      		push r22
 156 005a 7F93      		push r23
 157 005c 8F93      		push r24
 158 005e 9F93      		push r25
 159 0060 AF93      		push r26
 160 0062 BF93      		push r27
 161 0064 EF93      		push r30
 162 0066 FF93      		push r31
 163               	/* prologue: Signal */
 164               	/* frame size = 0 */
 165               	.LM25:
 166 0068 8091 0000 		lds r24,cnt
 167 006c 8823      		tst r24
 168 006e 01F0      		breq .L17
 169               	.LM26:
 170 0070 80E0      		ldi r24,lo8(.LC0)
 171 0072 90E0      		ldi r25,hi8(.LC0)
 172 0074 00D0      		rcall uart_transmitMult
 173               	.LM27:
 174 0076 88B3      		in r24,56-32
 175 0078 91E0      		ldi r25,lo8(1)
 176 007a 8927      		eor r24,r25
 177 007c 88BB      		out 56-32,r24
 178               	.LM28:
 179 007e 1092 0000 		sts cnt,__zero_reg__
 180 0082 00C0      		rjmp .L19
 181               	.L17:
 182               	.LM29:
 183 0084 8091 0000 		lds r24,cnt
 184 0088 8F5F      		subi r24,lo8(-(1))
 185 008a 8093 0000 		sts cnt,r24
 186               	.L19:
 187               	/* epilogue start */
 188               	.LM30:
 189 008e FF91      		pop r31
 190 0090 EF91      		pop r30
 191 0092 BF91      		pop r27
 192 0094 AF91      		pop r26
 193 0096 9F91      		pop r25
 194 0098 8F91      		pop r24
 195 009a 7F91      		pop r23
 196 009c 6F91      		pop r22
 197 009e 5F91      		pop r21
 198 00a0 4F91      		pop r20
 199 00a2 3F91      		pop r19
 200 00a4 2F91      		pop r18
 201 00a6 0F90      		pop r0
 202 00a8 0FBE      		out __SREG__,r0
 203 00aa 0F90      		pop r0
 204 00ac 1F90      		pop __zero_reg__
 205 00ae 1895      		reti
 206               	.LFE6:
 208               	.global	cnt
 209               	.global	cnt
 210               		.section .bss
 213               	cnt:
 214 0000 00        		.skip 1,0
 271               	.Letext0:
DEFINED SYMBOLS
                            *ABS*:00000000 main.c
C:\Users\Xavier\AppData\Local\Temp/ccpybPDm.s:2      *ABS*:0000003f __SREG__
C:\Users\Xavier\AppData\Local\Temp/ccpybPDm.s:3      *ABS*:0000003e __SP_H__
C:\Users\Xavier\AppData\Local\Temp/ccpybPDm.s:4      *ABS*:0000003d __SP_L__
C:\Users\Xavier\AppData\Local\Temp/ccpybPDm.s:5      *ABS*:00000034 __CCP__
C:\Users\Xavier\AppData\Local\Temp/ccpybPDm.s:6      *ABS*:00000000 __tmp_reg__
C:\Users\Xavier\AppData\Local\Temp/ccpybPDm.s:7      *ABS*:00000001 __zero_reg__
C:\Users\Xavier\AppData\Local\Temp/ccpybPDm.s:18     .text:00000000 uart_init
C:\Users\Xavier\AppData\Local\Temp/ccpybPDm.s:43     .text:00000014 uart_transmit
C:\Users\Xavier\AppData\Local\Temp/ccpybPDm.s:62     .text:0000001c uart_transmitMult
C:\Users\Xavier\AppData\Local\Temp/ccpybPDm.s:100    .text:00000030 main
C:\Users\Xavier\AppData\Local\Temp/ccpybPDm.s:143    .text:00000046 __vector_9
C:\Users\Xavier\AppData\Local\Temp/ccpybPDm.s:213    .bss:00000000 cnt

UNDEFINED SYMBOLS
__do_copy_data
__do_clear_bss
